Arguments: 
  /usr/local/Cellar/node@18/18.14.2/bin/node /Users/tonyolendo/.yarn/bin/yarn.js add circomlib

PATH: 
  /usr/local/opt/node@18/bin:/usr/local/opt/node@18/bin:/Users/tonyolendo/.cargo/bin:/usr/local/opt/mysql-client/bin:/usr/local/opt/mysql-client/bin:/usr/local/opt/openssl@1.1/bin:/usr/local/opt/mysql-client/bin:/Library/Frameworks/Python.framework/Versions/3.10/bin:/Users/tonyolendo/.yarn/bin:/Users/tonyolendo/.config/yarn/global/node_modules/.bin:/Users/tonyolendo/.local/bin:/Users/tonyolendo/anaconda3/bin:/Users/tonyolendo/.nix-profile/bin:/nix/var/nix/profiles/default/bin:/usr/local/bin:/usr/bin:/bin:/usr/sbin:/sbin:/usr/local/share/dotnet:~/.dotnet/tools:/Library/Apple/usr/bin:/Library/Frameworks/Mono.framework/Versions/Current/Commands:/Applications/Xamarin Workbooks.app/Contents/SharedSupport/path-bin

Yarn version: 
  1.22.19

Node version: 
  18.14.2

Platform: 
  darwin x64

Trace: 
  Error: connect ECONNREFUSED 104.16.26.34:443
      at TCPConnectWrap.afterConnect [as oncomplete] (node:net:1494:16)

npm manifest: 
  {
    "name": "circom-rps",
    "version": "1.0.0",
    "description": "Sample circuit showing a Rock Paper Scissors example",
    "main": "index.js",
    "author": "Tony Olendo",
    "license": "MIT",
    "private": false
  }

yarn manifest: 
  No manifest

Lockfile: 
  # THIS IS AN AUTOGENERATED FILE. DO NOT EDIT THIS FILE DIRECTLY.
  # yarn lockfile v1
